Using pre-set license
Built from '2020.3/staging' branch; Version is '2020.3.21f1 (a38c86f6690f) revision 10718342'; Using compiler version '192528614'; Build Type 'Release'
OS: 'Windows 10 Home Single Language; OS build 22000.318; Version 2009; 64bit' Language: 'en' Physical Memory: 7823 MB
BatchMode: 1, IsHumanControllingUs: 0, StartBugReporterOnCrash: 0, Is64bit: 1, IsPro: 0

COMMAND LINE ARGUMENTS:
D:\Unity\2020.3.21f1\Editor\Unity.exe
-adb2
-batchMode
-noUpm
-name
AssetImportWorker4
-projectPath
D:/Git/Minecreate
-logFile
Logs/AssetImportWorker4.log
-srvPort
56108
Successfully changed project path to: D:/Git/Minecreate
D:/Git/Minecreate
Using Asset Import Pipeline V2.
Refreshing native plugins compatible for Editor in 224.73 ms, found 2 plugins.
Preloading 0 native plugins for Editor in 0.00 ms.
Initialize engine version: 2020.3.21f1 (a38c86f6690f)
[Subsystems] Discovering subsystems at path D:/Unity/2020.3.21f1/Editor/Data/Resources/UnitySubsystems
[Subsystems] Discovering subsystems at path D:/Git/Minecreate/Assets
GfxDevice: creating device client; threaded=0
Direct3D:
    Version:  Direct3D 11.0 [level 11.1]
    Renderer: Microsoft Basic Render Driver (ID=0x8c)
    Vendor:   
    VRAM:     3911 MB
Initialize mono
Mono path[0] = 'D:/Unity/2020.3.21f1/Editor/Data/Managed'
Mono path[1] = 'D:/Unity/2020.3.21f1/Editor/Data/MonoBleedingEdge/lib/mono/unityjit'
Mono config path = 'D:/Unity/2020.3.21f1/Editor/Data/MonoBleedingEdge/etc'
Using monoOptions --debugger-agent=transport=dt_socket,embedding=1,server=y,suspend=n,address=127.0.0.1:56524
Begin MonoManager ReloadAssembly
Registering precompiled unity dll's ...
Register platform support module: D:/Unity/2020.3.21f1/Editor/Data/PlaybackEngines/WindowsStandaloneSupport/UnityEditor.WindowsStandalone.Extensions.dll
Registered in 0.001607 seconds.
Native extension for WindowsStandalone target not found
Refreshing native plugins compatible for Editor in 127.95 ms, found 2 plugins.
Preloading 0 native plugins for Editor in 0.00 ms.
Mono: successfully reloaded assembly
- Completed reload, in  3.612 seconds
Domain Reload Profiling:
	ReloadAssembly (3612ms)
		BeginReloadAssembly (208ms)
			ExecutionOrderSort (0ms)
			DisableScriptedObjects (0ms)
			BackupInstance (0ms)
			ReleaseScriptingObjects (0ms)
			CreateAndSetChildDomain (2ms)
		EndReloadAssembly (1327ms)
			LoadAssemblies (207ms)
			RebuildTransferFunctionScriptingTraits (0ms)
			SetupTypeCache (473ms)
			ReleaseScriptCaches (0ms)
			RebuildScriptCaches (76ms)
			SetupLoadedEditorAssemblies (550ms)
				LogAssemblyErrors (0ms)
				InitializePlatformSupportModulesInManaged (5ms)
				SetLoadedEditorAssemblies (0ms)
				RefreshPlugins (128ms)
				BeforeProcessingInitializeOnLoad (49ms)
				ProcessInitializeOnLoadAttributes (295ms)
				ProcessInitializeOnLoadMethodAttributes (71ms)
				AfterProcessingInitializeOnLoad (0ms)
				EditorAssembliesLoaded (1ms)
			ExecutionOrderSort2 (0ms)
			AwakeInstancesAfterBackupRestoration (0ms)
Platform modules already initialized, skipping
Registering precompiled user dll's ...
Registered in 0.011218 seconds.
Begin MonoManager ReloadAssembly
Native extension for WindowsStandalone target not found
Refreshing native plugins compatible for Editor in 0.75 ms, found 2 plugins.
Preloading 0 native plugins for Editor in 0.00 ms.
Mono: successfully reloaded assembly
- Completed reload, in  4.210 seconds
Domain Reload Profiling:
	ReloadAssembly (4211ms)
		BeginReloadAssembly (398ms)
			ExecutionOrderSort (0ms)
			DisableScriptedObjects (21ms)
			BackupInstance (0ms)
			ReleaseScriptingObjects (0ms)
			CreateAndSetChildDomain (98ms)
		EndReloadAssembly (3640ms)
			LoadAssemblies (1220ms)
			RebuildTransferFunctionScriptingTraits (0ms)
			SetupTypeCache (919ms)
			ReleaseScriptCaches (0ms)
			RebuildScriptCaches (124ms)
			SetupLoadedEditorAssemblies (1125ms)
				LogAssemblyErrors (0ms)
				InitializePlatformSupportModulesInManaged (6ms)
				SetLoadedEditorAssemblies (1ms)
				RefreshPlugins (1ms)
				BeforeProcessingInitializeOnLoad (214ms)
				ProcessInitializeOnLoadAttributes (755ms)
				ProcessInitializeOnLoadMethodAttributes (145ms)
				AfterProcessingInitializeOnLoad (3ms)
				EditorAssembliesLoaded (0ms)
			ExecutionOrderSort2 (0ms)
			AwakeInstancesAfterBackupRestoration (34ms)
Platform modules already initialized, skipping
========================================================================
Worker process is ready to serve import requests
Launched and connected shader compiler UnityShaderCompiler.exe after 0.46 seconds
Refreshing native plugins compatible for Editor in 0.59 ms, found 2 plugins.
Preloading 0 native plugins for Editor in 0.00 ms.
Unloading 1658 Unused Serialized files (Serialized files now loaded: 0)
System memory in use before: 180.3 MB.
System memory in use after: 180.4 MB.

Unloading 18 unused Assets to reduce memory usage. Loaded Objects now: 2154.
Total: 5.203200 ms (FindLiveObjects: 0.523000 ms CreateObjectMapping: 0.141200 ms MarkObjects: 4.502300 ms  DeleteObjects: 0.034500 ms)

AssetImportParameters requested are different than current active one (requested -> active):
  custom:framework-win-MediaFoundation: 216162199b28c13a410421893ffa2e32 -> 
  custom:video-decoder-ogg-theora: a1e56fd34408186e4bbccfd4996cb3dc -> 
  custom:container-muxer-webm: aa71ff27fc2769a1b78a27578f13a17b -> 
  custom:container-demuxer-webm: 4f35f7cbe854078d1ac9338744f61a02 -> 
  custom:container-demuxer-ogg: 62fdf1f143b41e24485cea50d1cbac27 -> 
  custom:video-encoder-webm-vp8: eb34c28f22e8b96e1ab97ce403110664 -> 
  custom:video-codec-MediaFoundation-h265: 746d11721c4dcdbdad8f713fa42b33f4 -> 
  custom:video-decoder-webm-vp8: 9c59270c3fd7afecdb556c50c9e8de78 -> 
  custom:audio-decoder-ogg-vorbis: bf7c407c2cedff20999df2af8eb42d56 -> 
  custom:audio-encoder-webm-vorbis: bf7c407c2cedff20999df2af8eb42d56 -> 
========================================================================
Received Import Request.
  path: Assets/Textures/icon_default.png
  artifactKey: Guid(28a562249682a1f448536eab582af735) Importer(815301076,1909f56bfc062723c751e8b465ee728b)
Start importing Assets/Textures/icon_default.png using Guid(28a562249682a1f448536eab582af735) Importer(815301076,1909f56bfc062723c751e8b465ee728b)  -> (artifact id: '1483507bda76d026ea1d26b8cfd0d4c0') in 0.988435 seconds 
  Import took 1.119995 seconds .

========================================================================
Received Import Request.
  Time since last request: 666.664245 seconds.
  path: Assets/Prefabs/cozmog.png
  artifactKey: Guid(f74e1a8f35c9aa44294c8ae8c96d9f2f) Importer(815301076,1909f56bfc062723c751e8b465ee728b)
Start importing Assets/Prefabs/cozmog.png using Guid(f74e1a8f35c9aa44294c8ae8c96d9f2f) Importer(815301076,1909f56bfc062723c751e8b465ee728b)  -> (artifact id: '4f6229cfe0148179b58739916bd2d33b') in 0.023398 seconds 
  Import took 0.070242 seconds .

========================================================================
Received Import Request.
  Time since last request: 3.368495 seconds.
  path: Assets/Prefabs/cozmog.png
  artifactKey: Guid(f74e1a8f35c9aa44294c8ae8c96d9f2f) Importer(815301076,1909f56bfc062723c751e8b465ee728b)
Start importing Assets/Prefabs/cozmog.png using Guid(f74e1a8f35c9aa44294c8ae8c96d9f2f) Importer(815301076,1909f56bfc062723c751e8b465ee728b)  -> (artifact id: '2ceeb92544260a918c67c8a06c397fa3') in 0.035677 seconds 
  Import took 0.121542 seconds .

========================================================================
Received Import Request.
  Time since last request: 879.548547 seconds.
  path: Assets/Textures/ui/button.png
  artifactKey: Guid(1a374bd9f426ad544a94d6969c3666f1) Importer(815301076,1909f56bfc062723c751e8b465ee728b)
Start importing Assets/Textures/ui/button.png using Guid(1a374bd9f426ad544a94d6969c3666f1) Importer(815301076,1909f56bfc062723c751e8b465ee728b)  -> (artifact id: '4ad11fd9c5374c7b751aae0019918da6') in 0.123064 seconds 
  Import took 0.142698 seconds .

========================================================================
Received Import Request.
  Time since last request: 0.000354 seconds.
  path: Assets/Textures/ui/crosshair.png
  artifactKey: Guid(ae894609549975f498937936454d32d6) Importer(815301076,1909f56bfc062723c751e8b465ee728b)
Start importing Assets/Textures/ui/crosshair.png using Guid(ae894609549975f498937936454d32d6) Importer(815301076,1909f56bfc062723c751e8b465ee728b)  -> (artifact id: '66dc268a4caf623a46ef51644fc70bc9') in 0.124521 seconds 
  Import took 0.145759 seconds .

========================================================================
Received Import Request.
  Time since last request: 0.000314 seconds.
  path: Assets/Textures/ui/hotbar_indicator.png
  artifactKey: Guid(34572ba0d7dbd7d48bfe4df23729bb0b) Importer(815301076,1909f56bfc062723c751e8b465ee728b)
Start importing Assets/Textures/ui/hotbar_indicator.png using Guid(34572ba0d7dbd7d48bfe4df23729bb0b) Importer(815301076,1909f56bfc062723c751e8b465ee728b)  -> (artifact id: '1f225d28ea4ee20423652bd903009c89') in 0.136828 seconds 
  Import took 0.144762 seconds .

========================================================================
Received Import Request.
  Time since last request: 0.004754 seconds.
  path: Assets/Textures/environment/crosshair.png
  artifactKey: Guid(beb1dbf3afb59ed4ea1abad425fc1cda) Importer(815301076,1909f56bfc062723c751e8b465ee728b)
Start importing Assets/Textures/environment/crosshair.png using Guid(beb1dbf3afb59ed4ea1abad425fc1cda) Importer(815301076,1909f56bfc062723c751e8b465ee728b)  -> (artifact id: '67cd921d8f33c9f409d4a82bc929b4c5') in 0.101872 seconds 
  Import took 0.150205 seconds .

========================================================================
Received Import Request.
  Time since last request: 0.000394 seconds.
  path: Assets/Textures/ui/hotbar.png
  artifactKey: Guid(e3c69e71cddf8004e8a2d80cb57c165c) Importer(815301076,1909f56bfc062723c751e8b465ee728b)
Start importing Assets/Textures/ui/hotbar.png using Guid(e3c69e71cddf8004e8a2d80cb57c165c) Importer(815301076,1909f56bfc062723c751e8b465ee728b)  -> (artifact id: '404b871dbaf4452b01cbb79ac9320661') in 0.033534 seconds 
  Import took 0.053382 seconds .

========================================================================
Received Import Request.
  Time since last request: 0.000315 seconds.
  path: Assets/Textures/ui/dirt_bg_sprite.png
  artifactKey: Guid(cdd60b1bbcf6fb74db7b0c9f329aea9a) Importer(815301076,1909f56bfc062723c751e8b465ee728b)
Start importing Assets/Textures/ui/dirt_bg_sprite.png using Guid(cdd60b1bbcf6fb74db7b0c9f329aea9a) Importer(815301076,1909f56bfc062723c751e8b465ee728b)  -> (artifact id: '43b68c7919af6df8d04f9f48a067518e') in 0.108679 seconds 
  Import took 0.119451 seconds .

========================================================================
Received Import Request.
  Time since last request: 0.633885 seconds.
  path: Assets/Textures/ui/inventory_blocks.png
  artifactKey: Guid(b832e2d28e2553e47b79b554fc74520f) Importer(815301076,1909f56bfc062723c751e8b465ee728b)
Start importing Assets/Textures/ui/inventory_blocks.png using Guid(b832e2d28e2553e47b79b554fc74520f) Importer(815301076,1909f56bfc062723c751e8b465ee728b)  -> (artifact id: '5efb1e9f6c756ca67fa10bfe96fe117c') in 0.171282 seconds 
  Import took 0.189320 seconds .

AssetImportWorkerClient::OnTransportError - code=2 error=End of file
